<?xml version="1.0" encoding="UTF-8" ?>
<testsuite tests="21" failures="0" name="com.afowd.util.RandomUtilTest" time="40.638" errors="0" skipped="0">
  <properties>
    <property name="idea.version" value="2016.1.2"/>
    <property name="java.runtime.name" value="Java(TM) SE Runtime Environment"/>
    <property name="sun.boot.library.path" value="C:\Program Files\Java\jdk1.8.0_45\jre\bin"/>
    <property name="java.vm.version" value="25.45-b02"/>
    <property name="java.vm.vendor" value="Oracle Corporation"/>
    <property name="java.vendor.url" value="http://java.oracle.com/"/>
    <property name="path.separator" value=";"/>
    <property name="guice.disable.misplaced.annotation.check" value="true"/>
    <property name="java.vm.name" value="Java HotSpot(TM) 64-Bit Server VM"/>
    <property name="file.encoding.pkg" value="sun.io"/>
    <property name="user.script" value=""/>
    <property name="user.country" value="US"/>
    <property name="sun.java.launcher" value="SUN_STANDARD"/>
    <property name="sun.os.patch.level" value="Service Pack 1"/>
    <property name="java.vm.specification.name" value="Java Virtual Machine Specification"/>
    <property name="user.dir" value="D:\Projects\Projects\AutoFillingObjectsWithData"/>
    <property name="java.runtime.version" value="1.8.0_45-b15"/>
    <property name="java.awt.graphicsenv" value="sun.awt.Win32GraphicsEnvironment"/>
    <property name="java.endorsed.dirs" value="C:\Program Files\Java\jdk1.8.0_45\jre\lib\endorsed"/>
    <property name="os.arch" value="amd64"/>
    <property name="java.io.tmpdir" value="C:\Users\User\AppData\Local\Temp\"/>
    <property name="line.separator" value="
"/>
    <property name="java.vm.specification.vendor" value="Oracle Corporation"/>
    <property name="user.variant" value=""/>
    <property name="os.name" value="Windows 7"/>
    <property name="classworlds.conf" value="D:\ProgramFiles\JetBrains\IntelliJ IDEA Community Edition 2016.1.2\plugins\maven\lib\maven3\bin\m2.conf"/>
    <property name="sun.jnu.encoding" value="Cp1252"/>
    <property name="java.library.path" value="C:\Program Files\Java\jdk1.8.0_45\bin;C:\Windows\Sun\Java\bin;C:\Windows\system32;C:\Windows;C:\Program Files (x86)\NVIDIA Corporation\PhysX\Common;C:\ProgramData\Oracle\Java\javapath;C:\Windows\system32;C:\Windows;C:\Windows\System32\Wbem;C:\Windows\System32\WindowsPowerShell\v1.0\;C:\Program Files (x86)\Common Files\Acronis\SnapAPI\;C:\Program Files (x86)\QuickTime\QTSystem\;C:\Program Files (x86)\nodejs\;C:\Program Files (x86)\Skype\Phone\;C:\Users\User\AppData\Roaming\npm;."/>
    <property name="java.specification.name" value="Java Platform API Specification"/>
    <property name="java.class.version" value="52.0"/>
    <property name="sun.management.compiler" value="HotSpot 64-Bit Tiered Compilers"/>
    <property name="os.version" value="6.1"/>
    <property name="user.home" value="C:\Users\User"/>
    <property name="user.timezone" value="Europe/Prague"/>
    <property name="java.awt.printerjob" value="sun.awt.windows.WPrinterJob"/>
    <property name="java.specification.version" value="1.8"/>
    <property name="file.encoding" value="UTF-8"/>
    <property name="user.name" value="User"/>
    <property name="java.class.path" value="D:\ProgramFiles\JetBrains\IntelliJ IDEA Community Edition 2016.1.2\plugins\maven\lib\maven3\boot\plexus-classworlds-2.4.jar;D:\ProgramFiles\JetBrains\IntelliJ IDEA Community Edition 2016.1.2\lib\idea_rt.jar"/>
    <property name="java.vm.specification.version" value="1.8"/>
    <property name="sun.arch.data.model" value="64"/>
    <property name="java.home" value="C:\Program Files\Java\jdk1.8.0_45\jre"/>
    <property name="sun.java.command" value="org.codehaus.classworlds.Launcher -Didea.version=2016.1.2 clean install"/>
    <property name="java.specification.vendor" value="Oracle Corporation"/>
    <property name="user.language" value="en"/>
    <property name="awt.toolkit" value="sun.awt.windows.WToolkit"/>
    <property name="java.vm.info" value="mixed mode"/>
    <property name="java.version" value="1.8.0_45"/>
    <property name="java.ext.dirs" value="C:\Program Files\Java\jdk1.8.0_45\jre\lib\ext;C:\Windows\Sun\Java\lib\ext"/>
    <property name="sun.boot.class.path" value="C:\Program Files\Java\jdk1.8.0_45\jre\lib\resources.jar;C:\Program Files\Java\jdk1.8.0_45\jre\lib\rt.jar;C:\Program Files\Java\jdk1.8.0_45\jre\lib\sunrsasign.jar;C:\Program Files\Java\jdk1.8.0_45\jre\lib\jsse.jar;C:\Program Files\Java\jdk1.8.0_45\jre\lib\jce.jar;C:\Program Files\Java\jdk1.8.0_45\jre\lib\charsets.jar;C:\Program Files\Java\jdk1.8.0_45\jre\lib\jfr.jar;C:\Program Files\Java\jdk1.8.0_45\jre\classes"/>
    <property name="java.vendor" value="Oracle Corporation"/>
    <property name="maven.home" value="D:\ProgramFiles\JetBrains\IntelliJ IDEA Community Edition 2016.1.2\plugins\maven\lib\maven3"/>
    <property name="file.separator" value="\"/>
    <property name="java.vendor.url.bug" value="http://bugreport.sun.com/bugreport/"/>
    <property name="sun.cpu.endian" value="little"/>
    <property name="sun.io.unicode.encoding" value="UnicodeLittle"/>
    <property name="sun.desktop" value="windows"/>
    <property name="sun.cpu.isalist" value="amd64"/>
  </properties>
  <testcase classname="com.afowd.util.RandomUtilTest" name="getRandomBigInteger" time="3.29"/>
  <testcase classname="com.afowd.util.RandomUtilTest" name="getRandomInteger" time="0.342"/>
  <testcase classname="com.afowd.util.RandomUtilTest" name="getRandomChar1" time="0.19"/>
  <testcase classname="com.afowd.util.RandomUtilTest" name="getRandomFloat" time="3.79"/>
  <testcase classname="com.afowd.util.RandomUtilTest" name="getRandomNames" time="1.552"/>
  <testcase classname="com.afowd.util.RandomUtilTest" name="getRandomShort" time="0.338"/>
  <testcase classname="com.afowd.util.RandomUtilTest" name="getRandomPrimitiveByte" time="0.173"/>
  <testcase classname="com.afowd.util.RandomUtilTest" name="getRandomPrimitiveLong" time="0.235"/>
  <testcase classname="com.afowd.util.RandomUtilTest" name="getRandomByte" time="0.304"/>
  <testcase classname="com.afowd.util.RandomUtilTest" name="getRandomChar" time="0.016"/>
  <testcase classname="com.afowd.util.RandomUtilTest" name="getRandomDate" time="6.23"/>
  <testcase classname="com.afowd.util.RandomUtilTest" name="getRandomEnum" time="0.362"/>
  <testcase classname="com.afowd.util.RandomUtilTest" name="getRandomLong" time="0.409"/>
  <testcase classname="com.afowd.util.RandomUtilTest" name="getRandomUUID" time="1.692"/>
  <testcase classname="com.afowd.util.RandomUtilTest" name="getRandomPrimitiveInt" time="0"/>
  <testcase classname="com.afowd.util.RandomUtilTest" name="getRandomDouble" time="8.367"/>
  <testcase classname="com.afowd.util.RandomUtilTest" name="getRandomPrimitiveDouble" time="3.863"/>
  <testcase classname="com.afowd.util.RandomUtilTest" name="getRandomBoolean" time="0.232"/>
  <testcase classname="com.afowd.util.RandomUtilTest" name="getRandomPrimitiveFloat" time="5.613"/>
  <testcase classname="com.afowd.util.RandomUtilTest" name="getRandomPrimitiveShort" time="1.219"/>
  <testcase classname="com.afowd.util.RandomUtilTest" name="getRandomBigDecimal" time="2.292"/>
</testsuite>